[debug] [2021-05-04T05:06:25.593Z] ----------------------------------------------------------------------
[debug] [2021-05-04T05:06:25.596Z] Command:       C:\Program Files\nodejs\node.exe C:\Users\hp\AppData\Roaming\npm\node_modules\firebase-tools\lib\bin\firebase.js init functions
[debug] [2021-05-04T05:06:25.597Z] CLI Version:   9.10.0
[debug] [2021-05-04T05:06:25.597Z] Platform:      win32
[debug] [2021-05-04T05:06:25.597Z] Node Version:  v14.16.0
[debug] [2021-05-04T05:06:25.599Z] Time:          Tue May 04 2021 10:36:25 GMT+0530 (India Standard Time)
[debug] [2021-05-04T05:06:25.599Z] ----------------------------------------------------------------------
[debug] 
[debug] [2021-05-04T05:06:25.606Z] > command requires scopes: ["email","openid","https://www.googleapis.com/auth/cloudplatformprojects.readonly","https://www.googleapis.com/auth/firebase","https://www.googleapis.com/auth/cloud-platform"]
[debug] [2021-05-04T05:06:25.607Z] > authorizing via signed-in user (saloshah01@gmail.com)
[info] 
     ######## #### ########  ######## ########     ###     ######  ########
     ##        ##  ##     ## ##       ##     ##  ##   ##  ##       ##
     ######    ##  ########  ######   ########  #########  ######  ######
     ##        ##  ##    ##  ##       ##     ## ##     ##       ## ##
     ##       #### ##     ## ######## ########  ##     ##  ######  ########

You're about to initialize a Firebase project in this directory:

  D:\6th Sem\DCC\CourseProject\react-firebase-chat-master

Before we get started, keep in mind:

  * You are initializing in an existing Firebase project directory

[info] 
=== Project Setup
[info] 
[info] First, let's associate this project directory with a Firebase project.
[info] You can create multiple project aliases by running firebase use --add, 
[info] but for now we'll just set up a default project.
[info] 
[info] i  .firebaserc already has a default project, using chatapp-e1bbd. 
[debug] [2021-05-04T05:06:28.723Z] >>> [apiv2][query] GET https://firebase.googleapis.com/v1beta1/projects/chatapp-e1bbd [none]
[debug] [2021-05-04T05:06:49.766Z] Failed to make request to https://firebase.googleapis.com/v1beta1/projects/chatapp-e1bbd
[debug] [2021-05-04T05:07:01.061Z] FirebaseError: Failed to make request to https://firebase.googleapis.com/v1beta1/projects/chatapp-e1bbd
    at Client.doRequest (C:\Users\hp\AppData\Roaming\npm\node_modules\firebase-tools\lib\apiv2.js:211:19)
    at processTicksAndRejections (internal/process/task_queues.js:93:5)
    at async Client.request (C:\Users\hp\AppData\Roaming\npm\node_modules\firebase-tools\lib\apiv2.js:96:20)
    at async Object.getFirebaseProject (C:\Users\hp\AppData\Roaming\npm\node_modules\firebase-tools\lib\management\projects.js:290:21)
    at async Object.doSetup [as project] (C:\Users\hp\AppData\Roaming\npm\node_modules\firebase-tools\lib\init\features\project.js:77:27)
    at async init (C:\Users\hp\AppData\Roaming\npm\node_modules\firebase-tools\lib\init\index.js:19:9)
[error] 
[error] Error: Failed to get Firebase project chatapp-e1bbd. Please make sure the project exists and your account has permission to access it.
